Welcome to the XWin X Server
Vendor: Moba/X
Release: 1.16.3.0
OS: Unknown  [Windows NT 10.0 build 15063] (WoW64)
Package: version  built 2015-05-28

XWin was started with the following command line:


 C:\Users\ADMINI~1\DOCUME~1\MobaXterm\slash\bin\XWin_MobaX.exe 
 -silent-dup-error -notrayicon -nolisten inet6 -hostintitle +bs 
 -clipboard -nowgl -multiwindow -noreset :0 

ddxProcessArgument - Initializing default screens
winInitializeScreenDefaults - primary monitor w 1024 h 768
winInitializeScreenDefaults - native DPI x 96 y 96
(==) FontPath set to /usr/share/fonts/misc/
(==) FontPath set to C:\Users\ADMINI~1\DOCUME~1\MobaXterm\slash/usr/share/fonts/misc/
(==) FontPath set to /usr/share/fonts/TTF/
(==) FontPath set to C:\Users\ADMINI~1\DOCUME~1\MobaXterm\slash/usr/share/fonts/TTF/
(==) FontPath set to /usr/share/fonts/OTF/
(==) FontPath set to C:\Users\ADMINI~1\DOCUME~1\MobaXterm\slash/usr/share/fonts/OTF/
(==) FontPath set to /usr/share/fonts/Type1/
(==) FontPath set to C:\Users\ADMINI~1\DOCUME~1\MobaXterm\slash/usr/share/fonts/Type1/
(==) FontPath set to /usr/share/fonts/100dpi/
(==) FontPath set to C:\Users\ADMINI~1\DOCUME~1\MobaXterm\slash/usr/share/fonts/100dpi/
(==) FontPath set to /usr/share/fonts/75dpi/
(==) FontPath set to C:\Users\ADMINI~1\DOCUME~1\MobaXterm\slash/usr/share/fonts/75dpi/
(==) FontPath set to "C:\Users\ADMINI~1\DOCUME~1\MobaXterm\slash/usr/share/fonts/misc/,C:\Users\ADMINI~1\DOCUME~1\MobaXterm\slash/usr/share/fonts/TTF/,C:\Users\ADMINI~1\DOCUME~1\MobaXterm\slash/usr/share/fonts/OTF/,C:\Users\ADMINI~1\DOCUME~1\MobaXterm\slash/usr/share/fonts/Type1/,C:\Users\ADMINI~1\DOCUME~1\MobaXterm\slash/usr/share/fonts/100dpi/,C:\Users\ADMINI~1\DOCUME~1\MobaXterm\slash/usr/share/fonts/75dpi/"
(==) Setting XKEYSYMDB path to XKEYSYMDB=C:\Users\ADMINI~1\DOCUME~1\MobaXterm\slash\usr\share\X11\XKeysymDB
(==) Setting XERRORDB path to XERRORDB=C:\Users\ADMINI~1\DOCUME~1\MobaXterm\slash\usr\share\X11\XErrorDB
(==) Setting XLOCALEDIR path to XLOCALEDIR=C:\Users\ADMINI~1\DOCUME~1\MobaXterm\slash\usr\share\X11\locale
(==) Logfile set to "C:\Users\ADMINI~1\DOCUME~1\MobaXterm\slash\var\log\xwin\XWin.0.log"
(==) Setting XKB path to C:\Users\ADMINI~1\DOCUME~1\MobaXterm\slash\usr\share\X11\xkb
[   803.656] winDetectSupportedEngines - DirectDraw4 installed, allowing ShadowDDNL
[   803.656] winDetectSupportedEngines - Returning, supported engines 00000015
[   803.656] winSetEngine - Multi Window or Rootless => ShadowGDI
[   803.656] winScreenInit - Using Windows display depth of 32 bits per pixel
[   803.671] winAllocateFBShadowGDI - Creating DIB with width: 1024 height: 768 depth: 32
[   803.671] winFinishScreenInitFB - Masks: 00ff0000 0000ff00 000000ff
[   803.671] winInitVisualsShadowGDI - Masks 00ff0000 0000ff00 000000ff BPRGB 8 d 24 bpp 32
[   803.937] Warning: Locale not supported by X, falling back to 'C' locale.
[   804.531] (II) AIGLX: enabled GLX_EXT_texture_from_pixmap
[   804.531] (II) AIGLX: Loaded and initialized swrast
[   804.531] (II) GLX: Initialized DRISWRAST GL provider for screen 0
[   804.812] (II) [XKB]  "C:\Users\ADMINI~1\DOCUME~1\MobaXterm\slash\var\log\xwin\xkb_a04316" file successfully created.
[   804.812] (II) [XKB]  Launching xkbcomp.exe with the following command:
[   804.812] (II) [XKB]  "C:\Users\ADMINI~1\DOCUME~1\MobaXterm\slash\bin\xkbcomp_w32.exe" -w 1 "-RC:\Users\ADMINI~1\DOCUME~1\MobaXterm\slash\usr\share\X11\xkb" -xkm "C:\Users\ADMINI~1\DOCUME~1\MobaXterm\slash\var\log\xwin\xkb_a04316" -em1 "The XKEYBOARD keymap compiler (xkbcomp) reports:" -emp "> " -eml "Errors from xkbcomp are not fatal to the X server" "C:\Users\ADMINI~1\DOCUME~1\MobaXterm\slash\var\log\xwin\server-0.xkm"
[   804.812] (II) [XKB]  LaunchXkbComp(II) :  succeeded
[   805.296] (II) [XKB]  Successfully created keyboard mapping file "C:\Users\ADMINI~1\DOCUME~1\MobaXterm\slash\var\log\xwin\xkb_a04316"
[   805.296] winPointerWarpCursor - Discarding first warp: 512 384
[   805.296] (--) 3 mouse buttons found
[   805.296] (--) Setting autorepeat to delay=500, rate=31
[   805.296] (--) Windows keyboard layout: "00000409" (00000409) "US", type 7
[   805.296] (--) Found matching XKB configuration "English (USA)"
[   805.296] (--) Model = "pc105" Layout = "us" Variant = "none" Options = "none"
[   805.296] Rules = "base" Model = "pc105" Layout = "us" Variant = "none" Options = "none"
[   805.296] winInitMultiWindowWM - DISPLAY=127.0.0.1:0.0
[   805.296] winMultiWindowXMsgProc - DISPLAY=127.0.0.1:0.0
[   805.312] winProcEstablishConnection - winInitClipboard returned.
[   805.312] winClipboardThreadProc - DISPLAY=127.0.0.1:0.0
[   805.312] OS maintains clipboard viewer chain: yes
[   805.312] winMultiWindowXMsgProc - XOpenDisplay () returned and successfully opened the display.
[   805.328] winClipboardProc - XOpenDisplay () returned and successfully opened the display.
[   805.328] winInitMultiWindowWM - XOpenDisplay () returned and successfully opened the display.
[   807.640] winWindowProc - WM_EXITSIZEMOVE
